# JRE version: Java(TM) SE Runtime Environment (17.0.8+9) (build 17.0.8+9-LTS-211)
# Java VM: Java HotSpot(TM) 64-Bit Server VM (17.0.8+9-LTS-211, mixed mode, sharing, tiered, compressed oops, compressed class ptrs, g1 gc, windows-amd64)
GC Precious Log:
 CPUs: 4 total, 4 available
 Memory: 8067M
 Large Page Support: Disabled
 NUMA Support: Disabled
 Compressed Oops: Enabled (32-bit)
 Heap Region Size: 1M
 Heap Min Capacity: 8M
 Heap Initial Capacity: 128M
 Heap Max Capacity: 2018M
 Pre-touch: Disabled
 Parallel Workers: 4
 Concurrent Workers: 1
 Concurrent Refinement Workers: 4
 Periodic GC: Disabled
Heap:
 garbage-first heap   total 78848K, used 51144K [0x0000000081e00000, 0x0000000100000000)
  region size 1024K, 26 young (26624K), 6 survivors (6144K)
 Metaspace       used 23581K, committed 23872K, reserved 1114112K
  class space    used 2914K, committed 3072K, reserved 1048576K
GC Heap History (8 events):
Event: 2.425 GC heap before
{Heap before GC invocations=0 (full 0):
 garbage-first heap   total 131072K, used 16384K [0x0000000081e00000, 0x0000000100000000)
  region size 1024K, 13 young (13312K), 0 survivors (0K)
 Metaspace       used 1883K, committed 2048K, reserved 1114112K
  class space    used 170K, committed 256K, reserved 1048576K
}
Event: 2.442 GC heap after
{Heap after GC invocations=1 (full 0):
 garbage-first heap   total 131072K, used 10434K [0x0000000081e00000, 0x0000000100000000)
  region size 1024K, 2 young (2048K), 2 survivors (2048K)
 Metaspace       used 1883K, committed 2048K, reserved 1114112K
  class space    used 170K, committed 256K, reserved 1048576K
}
Event: 4.057 GC heap before
{Heap before GC invocations=1 (full 0):
 garbage-first heap   total 131072K, used 19650K [0x0000000081e00000, 0x0000000100000000)
  region size 1024K, 11 young (11264K), 2 survivors (2048K)
 Metaspace       used 6314K, committed 6464K, reserved 1114112K
  class space    used 701K, committed 768K, reserved 1048576K
}
Event: 4.062 GC heap after
{Heap after GC invocations=2 (full 0):
 garbage-first heap   total 131072K, used 11588K [0x0000000081e00000, 0x0000000100000000)
  region size 1024K, 2 young (2048K), 2 survivors (2048K)
 Metaspace       used 6314K, committed 6464K, reserved 1114112K
  class space    used 701K, committed 768K, reserved 1048576K
}
Event: 10.569 GC heap before
{Heap before GC invocations=2 (full 0):
 garbage-first heap   total 131072K, used 36164K [0x0000000081e00000, 0x0000000100000000)
  region size 1024K, 27 young (27648K), 2 survivors (2048K)
 Metaspace       used 14434K, committed 14784K, reserved 1114112K
  class space    used 1742K, committed 1920K, reserved 1048576K
}
Event: 10.576 GC heap after
{Heap after GC invocations=3 (full 0):
 garbage-first heap   total 131072K, used 14457K [0x0000000081e00000, 0x0000000100000000)
  region size 1024K, 4 young (4096K), 4 survivors (4096K)
 Metaspace       used 14434K, committed 14784K, reserved 1114112K
  class space    used 1742K, committed 1920K, reserved 1048576K
}
Event: 12.438 GC heap before
{Heap before GC invocations=3 (full 0):
 garbage-first heap   total 131072K, used 38009K [0x0000000081e00000, 0x0000000100000000)
  region size 1024K, 23 young (23552K), 4 survivors (4096K)
 Metaspace       used 21235K, committed 21504K, reserved 1114112K
  class space    used 2606K, committed 2752K, reserved 1048576K
}
Event: 12.446 GC heap after
{Heap after GC invocations=4 (full 0):
 garbage-first heap   total 131072K, used 21448K [0x0000000081e00000, 0x0000000100000000)
  region size 1024K, 6 young (6144K), 6 survivors (6144K)
 Metaspace       used 21235K, committed 21504K, reserved 1114112K
  class space    used 2606K, committed 2752K, reserved 1048576K
}

