<?xml version="1.0" encoding="UTF-8"?>
<!-- Generated by org.testng.reporters.JUnitXMLReporter -->
<testsuite ignored="0" hostname="DESKTOP-CML9JAH" failures="0" tests="4" name="beforeAfterSuiteAndTest" time="0.224" errors="0" timestamp="2024-03-26T08:30:30 IST">
  <testcase classname="testNg_Annotations.TestClass1" name="TC1" time="0.015"/>
  <testcase classname="testNg_Annotations.TestClass1" name="TC2" time="0.002"/>
  <testcase classname="testNg_Annotations.TestClass2" name="TC3" time="0.024"/>
  <testcase classname="testNg_Annotations.TestClass2" name="TC4" time="0.002"/>
</testsuite> <!-- beforeAfterSuiteAndTest -->
