<?xml version="1.0" encoding="UTF-8"?>
<!-- Generated by org.testng.reporters.JUnitXMLReporter -->
<testsuite ignored="2" hostname="DESKTOP-CML9JAH" failures="0" tests="2" name="include" time="0.216" errors="0" timestamp="2024-03-26T11:33:10 IST">
  <testcase classname="testng_includeExclude_Use.MyClass" name="TC2" time="0.028"/>
  <testcase classname="testng_includeExclude_Use.MyClass" name="TC3" time="0.004"/>
  <testcase classname="testng_includeExclude_Use.MyClass" name="TC4" time="0.0">
    <ignored/>
  </testcase> <!-- TC4 -->
  <testcase classname="testng_includeExclude_Use.MyClass" name="TC1" time="0.0">
    <ignored/>
  </testcase> <!-- TC1 -->
</testsuite> <!-- include -->
