<?xml version="1.0" encoding="UTF-8"?>
<!-- Generated by org.testng.reporters.JUnitXMLReporter -->
<testsuite ignored="0" hostname="DESKTOP-CML9JAH" failures="2" tests="8" name="Test" time="0.362" errors="0" timestamp="2024-04-02T08:06:34 IST">
  <testcase classname="listeners.TestClass" name="TC2" time="0.022">
    <failure type="java.lang.AssertionError" message="null">
      <![CDATA[java.lang.AssertionError: null
at listeners.TestClass.TC2(TestClass.java:19)
at java.base/java.util.ArrayList.forEach(ArrayList.java:1511)
... Removed 29 stack frames]]>
    </failure>
  </testcase> <!-- TC2 -->
  <testcase classname="listeners.TestClass" name="TC1" time="0.039"/>
  <testcase classname="listeners.TestClass" name="tc4" time="0.011"/>
  <testcase classname="listeners.TestClass" name="TC3" time="0.004">
    <skipped/>
  </testcase> <!-- TC3 -->
  <testcase classname="listeners.TestClass2" name="TC6" time="0.003"/>
  <testcase classname="listeners.TestClass2" name="tc7" time="0.007"/>
  <testcase classname="listeners.TestClass2" name="tc8" time="0.006">
    <failure type="java.lang.AssertionError" message="null">
      <![CDATA[java.lang.AssertionError: null
at listeners.TestClass2.tc8(TestClass2.java:27)
at java.base/java.util.ArrayList.forEach(ArrayList.java:1511)
... Removed 29 stack frames]]>
    </failure>
  </testcase> <!-- tc8 -->
  <testcase classname="listeners.TestClass2" name="TC5" time="0.001">
    <skipped/>
  </testcase> <!-- TC5 -->
</testsuite> <!-- Test -->
